# JRE version: Java(TM) SE Runtime Environment (18.0.1.1+2) (build 18.0.1.1+2-6)
# Java VM: Java HotSpot(TM) 64-Bit Server VM (18.0.1.1+2-6, mixed mode, sharing, tiered, compressed oops, compressed class ptrs, g1 gc, windows-amd64)
GC Precious Log:
 CardTable entry size: 512
 Card Set container configuration: InlinePtr #cards 5 size 8 Array Of Cards #cards 12 size 40 Howl #buckets 4 coarsen threshold 1843 Howl Bitmap #cards 512 size 80 coarsen threshold 460 Card regions per heap region 1 cards per card region 2048
 CPUs: 4 total, 4 available
 Memory: 8132M
 Large Page Support: Disabled
 NUMA Support: Disabled
 Compressed Oops: Enabled (32-bit)
 Heap Region Size: 1M
 Heap Min Capacity: 8M
 Heap Initial Capacity: 128M
 Heap Max Capacity: 2034M
 Pre-touch: Disabled
 Parallel Workers: 4
 Concurrent Workers: 1
 Concurrent Refinement Workers: 4
 Periodic GC: Disabled
Heap:
 garbage-first heap   total 61440K, used 33048K [0x0000000080e00000, 0x0000000100000000)
  region size 1024K, 4 young (4096K), 3 survivors (3072K)
 Metaspace       used 63080K, committed 63680K, reserved 1114112K
  class space    used 8034K, committed 8320K, reserved 1048576K
GC Heap History (20 events):
Event: 9.257 GC heap before
{Heap before GC invocations=16 (full 0):
 garbage-first heap   total 51200K, used 40889K [0x0000000080e00000, 0x0000000100000000)
  region size 1024K, 19 young (19456K), 3 survivors (3072K)
 Metaspace       used 50336K, committed 50752K, reserved 1114112K
  class space    used 6588K, committed 6784K, reserved 1048576K
}
Event: 9.259 GC heap after
{Heap after GC invocations=17 (full 0):
 garbage-first heap   total 51200K, used 25009K [0x0000000080e00000, 0x0000000100000000)
  region size 1024K, 2 young (2048K), 2 survivors (2048K)
 Metaspace       used 50336K, committed 50752K, reserved 1114112K
  class space    used 6588K, committed 6784K, reserved 1048576K
}
Event: 9.363 GC heap before
{Heap before GC invocations=17 (full 0):
 garbage-first heap   total 51200K, used 41393K [0x0000000080e00000, 0x0000000100000000)
  region size 1024K, 18 young (18432K), 2 survivors (2048K)
 Metaspace       used 50581K, committed 51072K, reserved 1114112K
  class space    used 6602K, committed 6848K, reserved 1048576K
}
Event: 9.365 GC heap after
{Heap after GC invocations=18 (full 0):
 garbage-first heap   total 51200K, used 25219K [0x0000000080e00000, 0x0000000100000000)
  region size 1024K, 2 young (2048K), 2 survivors (2048K)
 Metaspace       used 50581K, committed 51072K, reserved 1114112K
  class space    used 6602K, committed 6848K, reserved 1048576K
}
Event: 10.000 GC heap before
{Heap before GC invocations=19 (full 0):
 garbage-first heap   total 51200K, used 42627K [0x0000000080e00000, 0x0000000100000000)
  region size 1024K, 19 young (19456K), 2 survivors (2048K)
 Metaspace       used 52735K, committed 53184K, reserved 1114112K
  class space    used 6879K, committed 7104K, reserved 1048576K
}
Event: 10.004 GC heap after
{Heap after GC invocations=20 (full 0):
 garbage-first heap   total 51200K, used 27204K [0x0000000080e00000, 0x0000000100000000)
  region size 1024K, 3 young (3072K), 3 survivors (3072K)
 Metaspace       used 52735K, committed 53184K, reserved 1114112K
  class space    used 6879K, committed 7104K, reserved 1048576K
}
Event: 10.311 GC heap before
{Heap before GC invocations=20 (full 0):
 garbage-first heap   total 51200K, used 41540K [0x0000000080e00000, 0x0000000100000000)
  region size 1024K, 17 young (17408K), 3 survivors (3072K)
 Metaspace       used 54088K, committed 54592K, reserved 1114112K
  class space    used 7056K, committed 7296K, reserved 1048576K
}
Event: 10.315 GC heap after
{Heap after GC invocations=21 (full 0):
 garbage-first heap   total 51200K, used 28783K [0x0000000080e00000, 0x0000000100000000)
  region size 1024K, 2 young (2048K), 2 survivors (2048K)
 Metaspace       used 54088K, committed 54592K, reserved 1114112K
  class space    used 7056K, committed 7296K, reserved 1048576K
}
Event: 10.660 GC heap before
{Heap before GC invocations=22 (full 0):
 garbage-first heap   total 51200K, used 41071K [0x0000000080e00000, 0x0000000100000000)
  region size 1024K, 14 young (14336K), 2 survivors (2048K)
 Metaspace       used 55390K, committed 55872K, reserved 1114112K
  class space    used 7217K, committed 7424K, reserved 1048576K
}
Event: 10.663 GC heap after
{Heap after GC invocations=23 (full 0):
 garbage-first heap   total 51200K, used 30255K [0x0000000080e00000, 0x0000000100000000)
  region size 1024K, 2 young (2048K), 2 survivors (2048K)
 Metaspace       used 55390K, committed 55872K, reserved 1114112K
  class space    used 7217K, committed 7424K, reserved 1048576K
}
Event: 11.091 GC heap before
{Heap before GC invocations=23 (full 0):
 garbage-first heap   total 51200K, used 41519K [0x0000000080e00000, 0x0000000100000000)
  region size 1024K, 13 young (13312K), 2 survivors (2048K)
 Metaspace       used 56645K, committed 57152K, reserved 1114112K
  class space    used 7420K, committed 7680K, reserved 1048576K
}
Event: 11.095 GC heap after
{Heap after GC invocations=24 (full 0):
 garbage-first heap   total 51200K, used 31012K [0x0000000080e00000, 0x0000000100000000)
  region size 1024K, 1 young (1024K), 1 survivors (1024K)
 Metaspace       used 56645K, committed 57152K, reserved 1114112K
  class space    used 7420K, committed 7680K, reserved 1048576K
}
Event: 11.392 GC heap before
{Heap before GC invocations=25 (full 0):
 garbage-first heap   total 55296K, used 42276K [0x0000000080e00000, 0x0000000100000000)
  region size 1024K, 12 young (12288K), 1 survivors (1024K)
 Metaspace       used 57236K, committed 57728K, reserved 1114112K
  class space    used 7523K, committed 7744K, reserved 1048576K
}
Event: 11.394 GC heap after
{Heap after GC invocations=26 (full 0):
 garbage-first heap   total 55296K, used 31346K [0x0000000080e00000, 0x0000000100000000)
  region size 1024K, 1 young (1024K), 1 survivors (1024K)
 Metaspace       used 57236K, committed 57728K, reserved 1114112K
  class space    used 7523K, committed 7744K, reserved 1048576K
}
Event: 11.594 GC heap before
{Heap before GC invocations=26 (full 0):
 garbage-first heap   total 55296K, used 45682K [0x0000000080e00000, 0x0000000100000000)
  region size 1024K, 15 young (15360K), 1 survivors (1024K)
 Metaspace       used 57419K, committed 57920K, reserved 1114112K
  class space    used 7523K, committed 7744K, reserved 1048576K
}
Event: 11.596 GC heap after
{Heap after GC invocations=27 (full 0):
 garbage-first heap   total 55296K, used 31678K [0x0000000080e00000, 0x0000000100000000)
  region size 1024K, 2 young (2048K), 2 survivors (2048K)
 Metaspace       used 57419K, committed 57920K, reserved 1114112K
  class space    used 7523K, committed 7744K, reserved 1048576K
}
Event: 52.658 GC heap before
{Heap before GC invocations=28 (full 0):
 garbage-first heap   total 61440K, used 44990K [0x0000000080e00000, 0x0000000100000000)
  region size 1024K, 15 young (15360K), 2 survivors (2048K)
 Metaspace       used 60018K, committed 60544K, reserved 1114112K
  class space    used 7808K, committed 8064K, reserved 1048576K
}
Event: 52.661 GC heap after
{Heap after GC invocations=29 (full 0):
 garbage-first heap   total 61440K, used 32473K [0x0000000080e00000, 0x0000000100000000)
  region size 1024K, 2 young (2048K), 2 survivors (2048K)
 Metaspace       used 60018K, committed 60544K, reserved 1114112K
  class space    used 7808K, committed 8064K, reserved 1048576K
}
Event: 1180.981 GC heap before
{Heap before GC invocations=29 (full 0):
 garbage-first heap   total 61440K, used 50905K [0x0000000080e00000, 0x0000000100000000)
  region size 1024K, 20 young (20480K), 2 survivors (2048K)
 Metaspace       used 63076K, committed 63680K, reserved 1114112K
  class space    used 8034K, committed 8320K, reserved 1048576K
}
Event: 1180.984 GC heap after
{Heap after GC invocations=30 (full 0):
 garbage-first heap   total 61440K, used 33048K [0x0000000080e00000, 0x0000000100000000)
  region size 1024K, 3 young (3072K), 3 survivors (3072K)
 Metaspace       used 63076K, committed 63680K, reserved 1114112K
  class space    used 8034K, committed 8320K, reserved 1048576K
}

